** Message: 03:49:37.368: environement.vala:58: Exporting primary_variable
** Message: 03:49:37.368: environement.vala:59: desktop_environnement XDG_CURRENT_DESKTOP
** Message: 03:49:37.368: environement.vala:150: confir_dirs is null, export : /etc/xdg
** Message: 03:49:37.368: environement.vala:184: Exporting XDG_CONFIG_DIRS
** Message: 03:49:37.369: environement.vala:218: custom_data :
** Message: 03:49:37.369: environement.vala:219: data_dirs :/usr/share/fkms:/usr/local/share:/usr/share/raspi-ui-overrides:/usr/share:/usr/share/gdm:/var/lib/menu-xdg
** Message: 03:49:37.369: environement.vala:220: data_dirs not null, export : /usr/share/fkms:/usr/local/share:/usr/share/raspi-ui-overrides:/usr/share:/usr/share/gdm:/var/lib/menu-xdg
** Message: 03:49:37.369: environement.vala:225: Exporting XDG_DATA_DIRS
** Message: 03:49:37.369: utils.vala:138: Config system location : /etc/xdg/lxsession/LXDE-pi
** Message: 03:49:37.370: utils.vala:144: System system path location : /etc/xdg/lxsession/LXDE-pi/desktop.conf
** Message: 03:49:37.370: utils.vala:148: Final file used : /etc/xdg/lxsession/LXDE-pi/desktop.conf
** Message: 03:49:37.370: utils.vala:39: Config system location : /etc/xdg/lxsession/LXDE-pi
** Message: 03:49:37.370: utils.vala:45: System system path location : /etc/xdg/lxsession/LXDE-pi/desktop.conf

** (lxsession:625): WARNING **: 03:49:37.371: utils.vala:70: No such file or directory
** Message: 03:49:37.371: settings.vala:540: Key file does not have key “iGtk/ColorScheme” in group “GTK”
** Message: 03:49:37.371: settings.vala:540: Key file does not have key “windows_manager/command” in group “Session”
** Message: 03:49:37.371: settings.vala:540: Key file does not have key “panel/command” in group “Session”
** Message: 03:49:37.371: settings.vala:540: Key file does not have key “dock/command” in group “Session”
** Message: 03:49:37.371: settings.vala:540: Key file does not have key “file_manager/command” in group “Session”
** Message: 03:49:37.372: settings.vala:540: Key file does not have key “desktop_manager/command” in group “Session”
** Message: 03:49:37.372: settings.vala:540: Key file does not have key “launcher_manager/autostart” in group “Session”
** Message: 03:49:37.372: settings.vala:540: Key file does not have key “composite_manager/command” in group “Session”
** Message: 03:49:37.372: settings.vala:540: Key file does not have key “im1/command” in group “Session”
** Message: 03:49:37.372: settings.vala:540: Key file does not have key “im2/command” in group “Session”
** Message: 03:49:37.372: settings.vala:540: Key file does not have key “widget1/command” in group “Session”
** Message: 03:49:37.372: settings.vala:540: Key file does not have key “notification/command” in group “Session”
** Message: 03:49:37.372: settings.vala:540: Key file does not have key “keybindings/command” in group “Session”
** Message: 03:49:37.372: settings.vala:540: Key file does not have key “im_manager/command” in group “Session”
** Message: 03:49:37.372: settings.vala:540: Key file does not have key “screensaver/command” in group “Session”
** Message: 03:49:37.372: settings.vala:540: Key file does not have key “power_manager/command” in group “Session”
** Message: 03:49:37.372: settings.vala:540: Key file does not have key “audio_manager/command” in group “Session”
** Message: 03:49:37.372: settings.vala:540: Key file does not have key “workspace_manager/command” in group “Session”
** Message: 03:49:37.372: settings.vala:540: Key file does not have key “screenshot_manager/command” in group “Session”
** Message: 03:49:37.372: settings.vala:540: Key file does not have key “message_manager/command” in group “Session”
** Message: 03:49:37.372: settings.vala:540: Key file does not have key “upgrade_manager/command” in group “Session”
** Message: 03:49:37.372: settings.vala:540: Key file does not have key “updates_manager/command” in group “Session”
** Message: 03:49:37.372: settings.vala:540: Key file does not have key “updates_manager/timeout” in group “Session”
** Message: 03:49:37.372: settings.vala:540: Key file does not have key “crash_manager/command” in group “Session”
** Message: 03:49:37.372: settings.vala:540: Key file does not have key “crash_manager/dev_mode” in group “Session”
** Message: 03:49:37.372: settings.vala:540: Key file does not have key “crash_manager/timeout” in group “Session”
** Message: 03:49:37.373: settings.vala:540: Key file does not have key “upstart_user_session” in group “Session”
** Message: 03:49:37.373: settings.vala:540: Key file does not have key “proxy_manager/http” in group “Session”
** Message: 03:49:37.373: settings.vala:540: Key file does not have key “a11y/command” in group “Session”
** Message: 03:49:37.373: settings.vala:540: Key file does not have key “xrandr/command” in group “Session”
** Message: 03:49:37.373: settings.vala:540: Key file does not have key “network_gui/command” in group “Session”
** Message: 03:49:37.373: settings.vala:540: Key file does not have key “webbrowser/command” in group “Session”
** Message: 03:49:37.373: settings.vala:540: Key file does not have key “email/command” in group “Session”
** Message: 03:49:37.373: settings.vala:540: Key file does not have key “pdf_reader/command” in group “Session”
** Message: 03:49:37.373: settings.vala:540: Key file does not have key “video_player/command” in group “Session”
** Message: 03:49:37.373: settings.vala:540: Key file does not have key “audio_player/command” in group “Session”
** Message: 03:49:37.373: settings.vala:540: Key file does not have key “image_display/command” in group “Session”
** Message: 03:49:37.373: settings.vala:540: Key file does not have key “text_editor/command” in group “Session”
** Message: 03:49:37.373: settings.vala:540: Key file does not have key “archive/command” in group “Session”
** Message: 03:49:37.373: settings.vala:540: Key file does not have key “charmap/command” in group “Session”
** Message: 03:49:37.373: settings.vala:540: Key file does not have key “calculator/command” in group “Session”
** Message: 03:49:37.373: settings.vala:540: Key file does not have key “spreadsheet/command” in group “Session”
** Message: 03:49:37.373: settings.vala:540: Key file does not have key “bittorent/command” in group “Session”
** Message: 03:49:37.373: settings.vala:540: Key file does not have key “document/command” in group “Session”
** Message: 03:49:37.373: settings.vala:540: Key file does not have key “webcam/command” in group “Session”
** Message: 03:49:37.373: settings.vala:540: Key file does not have key “burn/command” in group “Session”
** Message: 03:49:37.373: settings.vala:540: Key file does not have key “notes/command” in group “Session”
** Message: 03:49:37.373: settings.vala:540: Key file does not have key “disk_utility/command” in group “Session”
** Message: 03:49:37.373: settings.vala:540: Key file does not have key “tasks/command” in group “Session”
** Message: 03:49:37.374: settings.vala:540: Key file does not have group “Keymap”
** Message: 03:49:37.374: settings.vala:540: Key file does not have key “laptop_mode” in group “State”
** Message: 03:49:37.374: settings.vala:540: Key file does not have key “gnome” in group “Dbus”
** Message: 03:49:37.374: settings.vala:540: Key file does not have key “type” in group “Environment”
** Message: 03:49:37.374: settings.vala:540: Key file does not have key “ubuntu_menuproxy” in group “Environment”
** Message: 03:49:37.374: settings.vala:540: Key file does not have key “toolkit_integration” in group “Environment”
** Message: 03:49:37.374: settings.vala:540: Key file does not have key “gtk/overlay_scrollbar_disable” in group “Environment”
** Message: 03:49:37.374: settings.vala:540: Key file does not have key “qt/force_theme” in group “Environment”
** Message: 03:49:37.374: settings.vala:540: Key file does not have key “qt/platform” in group “Environment”
** Message: 03:49:37.374: settings.vala:462: Monitoring: /etc/xdg/lxsession/LXDE-pi/desktop.conf
** Message: 03:49:37.374: settings.vala:470: Desktop file is not in config home, monitoring creation of it
** Message: 03:49:37.374: settings.vala:485: Monitoring home path: /home/pi/.config/lxsession/LXDE-pi/desktop.conf
** Message: 03:49:37.374: environement.vala:79: Exporting variable
** Message: 03:49:37.375: environement.vala:80: desktop_environnement XDG_CURRENT_DESKTOP
** Message: 03:49:37.375: environement.vala:177: custom_config :
** Message: 03:49:37.375: environement.vala:178: config_dirs :/etc/xdg
** Message: 03:49:37.375: environement.vala:179: confir_dirs not null, export : /etc/xdg
** Message: 03:49:37.375: environement.vala:184: Exporting XDG_CONFIG_DIRS
** Message: 03:49:37.375: environement.vala:218: custom_data :
** Message: 03:49:37.375: environement.vala:219: data_dirs :/usr/share/fkms:/usr/local/share:/usr/share/raspi-ui-overrides:/usr/share:/usr/share/gdm:/var/lib/menu-xdg
** Message: 03:49:37.375: environement.vala:220: data_dirs not null, export : /usr/share/fkms:/usr/local/share:/usr/share/raspi-ui-overrides:/usr/share:/usr/share/gdm:/var/lib/menu-xdg
** Message: 03:49:37.375: environement.vala:225: Exporting XDG_DATA_DIRS
** Message: 03:49:37.375: utils.vala:39: Config system location : /etc/xdg/lxsession/LXDE-pi
** Message: 03:49:37.375: utils.vala:45: System system path location : /etc/xdg/lxsession/LXDE-pi/desktop.conf

** (lxsession:625): WARNING **: 03:49:37.375: utils.vala:70: No such file or directory
** Message: 03:49:37.375: environement.vala:254: No entry in [Environment_variable]. Key file does not have group “Environment_variable”

** (lxsession:625): WARNING **: 03:49:37.380: process.vala:49: Failed to execute child process “xprop” (No such file or directory)

** (lxsession:625): WARNING **: 03:49:37.380: process.vala:50: Error when launching xprop
** Message: 03:49:37.380: utils.vala:138: Config system location : /etc/xdg/lxsession/LXDE-pi
** Message: 03:49:37.380: utils.vala:144: System system path location : /etc/xdg/lxsession/LXDE-pi/conffiles.conf
** Message: 03:49:37.380: utils.vala:148: Final file used : /etc/xdg/lxsession/LXDE-pi/conffiles.conf
** Message: 03:49:37.380: options.vala:164: Activate xsettings_manager build-in
** Message: 03:49:37.380: utils.vala:39: Config system location : /etc/xdg/lxsession/LXDE-pi
** Message: 03:49:37.380: utils.vala:45: System system path location : /etc/xdg/lxsession/LXDE-pi/desktop.conf

** (lxsession:625): WARNING **: 03:49:37.380: utils.vala:70: No such file or directory
** Message: 03:49:37.400: app.vala:728: polkit separate
** Message: 03:49:37.400: app.vala:728: polkit separate
** Message: 03:49:37.407: app.vala:76: Launching lxpolkit 
** Message: 03:49:37.408: utils.vala:138: Config system location : /etc/xdg/lxsession/LXDE-pi
** Message: 03:49:37.408: utils.vala:144: System system path location : /etc/xdg/lxsession/LXDE-pi/autostart
** Message: 03:49:37.408: utils.vala:148: Final file used : /etc/xdg/lxsession/LXDE-pi/autostart
** Message: 03:49:37.408: autostart.vala:42: Autostart path : /etc/xdg/lxsession/LXDE-pi/autostart
** Message: 03:49:37.418: app.vala:76: Launching lxpanel 
** Message: 03:49:37.434: app.vala:76: Launching pcmanfm 

** (lxsession:625): WARNING **: 03:49:37.439: app.vala:86: Failed to execute child process “xscreensaver” (No such file or directory)

** (lxsession:625): WARNING **: 03:49:37.440: app.vala:87: Error when launching xscreensaver
** Message: 03:49:37.446: options.vala:107: Create build-in Clipboard
** Message: 03:49:37.488: main.vala:450: Check keymap_mode (null)
** Message: 03:49:37.494: app.vala:76: Launching /usr/bin/ssh-agent 
SSH_AUTH_SOCK=/tmp/ssh-cPYkbk5sAcjq/agent.826; export SSH_AUTH_SOCK;
SSH_AGENT_PID=832; export SSH_AGENT_PID;
echo Agent pid 832;
** Message: 03:49:37.719: app.vala:130: /usr/bin/ssh-agent exit with this type of exit: 0
** Message: 03:49:39.591: x-terminal-emulator has very limited support, consider choosing another terminal
** Message: 03:49:39.615: x-terminal-emulator has very limited support, consider choosing another terminal
grep: /home/pi/.config/lxpanel/LXDE-pi/panels/*: No such file or directory

(mutter:799): Clutter-WARNING **: 03:49:40.587: Bogus presentation time 0 travelled back in time, using current time.
** Message: 03:49:41.271: netman: network manager service not running; plugin hidden
** Message: 03:49:41.354: Connecting ...
** Message: 03:49:41.355: Status changed to down

** (lxpanel:805): CRITICAL **: 03:49:41.355: dhcpcd_open: Inappropriate ioctl for device
** Message: 03:49:41.759: ptbatt: battery 0 not found
** Message: 03:49:42.416: Status changed to opened
** Message: 03:49:42.422: Connected to dhcpcd-8.1.2
** Message: 03:49:42.423: Status changed to connected
** Message: 03:49:42.424: eth0: Link is up, configuring
** Message: 03:49:42.424: wlan0: Associated with NGV_NEW_01
** Message: 03:49:42.424: wlan0: Configured 172.16.0.112/16
** Message: 03:49:42.428: wlan0: WPA status connected
** Message: 03:49:42.759: up: Checking for updates
** Message: 03:49:43.124: eth0: Configured 169.254.133.184/16
** Message: 03:49:46.348: up: Cache updated - comparing versions
** Message: 03:49:50.813: up: Check complete - no updates available
